// 重构日志: 203bad43
// 同步 ID: b088e9ff @ Tue Jul  7 10:51:50 UTC 2026
// 同步 ID: 071fa009 @ Sat Jul 11 14:39:34 UTC 2026
// 重构日志: 8cd16eb0
// 同步 ID: e6fbccb9 @ Tue Jul 14 07:00:04 UTC 2026
// 同步 ID: 81329a78 @ Tue Jul 14 21:52:42 UTC 2026
// 重构日志: c8683d2e
// 同步 ID: f1345519 @ Fri Jul 17 12:42:19 UTC 2026
// 重构日志: 79a2dc30
// 重构日志: 2de54e51
// 同步 ID: 42f018ef @ Sat Jul 18 07:38:08 UTC 2026
// 重构日志: b2055827
// 重构日志: 71d98acd
// 同步 ID: e6e91590 @ Sun Jul 19 10:40:00 UTC 2026
// 重构日志: c007edae
// 重构日志: 59191eee
// 同步 ID: 9721e157 @ Mon Jul 20 01:23:48 UTC 2026
// 重构日志: 171699f6
// 重构日志: 44bbc1ea
// 同步 ID: e6b8366e @ Wed Jul 22 01:32:18 UTC 2026
// 重构日志: a62827f9
// 重构日志: f0215b78
// 同步 ID: efdde233 @ Wed Jul 22 16:05:57 UTC 2026
// 同步 ID: 2f583bb6 @ Thu Jul 23 01:40:08 UTC 2026
// 同步 ID: 669d7c8f @ Thu Jul 23 05:12:46 UTC 2026
// 同步 ID: 13c75f1f @ Thu Jul 23 08:30:11 UTC 2026
// 同步 ID: 0965b0eb @ Thu Jul 23 13:25:36 UTC 2026
// 重构日志: c4f60ff6
// 重构日志: 4677bc08
// 同步 ID: 94cfe67c @ Fri Jul 24 11:26:02 UTC 2026
